<?xml version="1.0" encoding="UTF-8"?>
<!-- Generated by org.testng.reporters.JUnitReportReporter -->
<testsuite hostname="DESKTOP-VKFA5UJ" failures="0" tests="1" name="com.Register.RegistrationMonster" time="6.785" errors="0" timestamp="2022-02-12T12:25:08 EST" skipped="0">
  <testcase classname="com.Register.RegistrationMonster" name="action" time="6.785"/>
  <system-out/>
</testsuite> <!-- com.Register.RegistrationMonster -->
