<?xml version="1.0" encoding="UTF-8"?>
<!-- Generated by org.testng.reporters.JUnitReportReporter -->
<testsuite hostname="DESKTOP-VKFA5UJ" failures="0" tests="4" name="WEEK2.TestngAnnotations" time="0.018" errors="0" timestamp="2021-12-13T22:19:42 EST" skipped="0">
  <testcase classname="WEEK2.TestngAnnotations" name="test5" time="0.009"/>
  <system-out/>
  <testcase classname="WEEK2.TestngAnnotations" name="testa" time="0.003"/>
  <system-out/>
  <testcase classname="WEEK2.TestngAnnotations" name="testc" time="0.003"/>
  <system-out/>
  <testcase classname="WEEK2.TestngAnnotations" name="testb" time="0.003"/>
  <system-out/>
</testsuite> <!-- WEEK2.TestngAnnotations -->
