<?xml version="1.0" encoding="UTF-8"?>
<!-- Generated by org.testng.reporters.JUnitReportReporter -->
<testsuite hostname="DESKTOP-VKFA5UJ" failures="0" tests="1" name="com.inetBanking.testClasses.TC_LoginTest_001" time="6.130" errors="0" timestamp="04 Jan 2022 04:23:46 GMT" skipped="0">
  <testcase classname="com.inetBanking.testClasses.TC_LoginTest_001" name="loginTest" time="6.130"/>
</testsuite> <!-- com.inetBanking.testClasses.TC_LoginTest_001 -->
