<?xml version="1.0" encoding="UTF-8"?>
<!-- Generated by org.testng.reporters.JUnitReportReporter -->
<testsuite hostname="DESKTOP-VKFA5UJ" failures="0" tests="1" name="com.qa.test.PutApiTest" time="1.168" errors="0" timestamp="27 Jan 2022 05:42:48 GMT">
  <testcase classname="com.qa.test.PutApiTest" name="PostApiTest" time="1.168"/>
</testsuite> <!-- com.qa.test.PutApiTest -->
