<?xml version="1.0" encoding="UTF-8"?>
<!-- Generated by org.testng.reporters.JUnitReportReporter -->
<testsuite hostname="DESKTOP-VKFA5UJ" failures="0" tests="1" name="com.qa.test.DeleteApiTest" time="0.777" errors="0" timestamp="27 Jan 2022 05:52:41 GMT">
  <testcase classname="com.qa.test.DeleteApiTest" name="DeleteApiTest" time="0.777"/>
</testsuite> <!-- com.qa.test.DeleteApiTest -->
