<?xml version="1.0" encoding="UTF-8"?>
<!-- Generated by org.testng.reporters.JUnitReportReporter -->
<testsuite hostname="DESKTOP-VKFA5UJ" failures="0" tests="1" name="com.qa.test.PostApiTest" time="1.298" errors="0" timestamp="30 Jan 2022 16:27:17 GMT">
  <testcase classname="com.qa.test.PostApiTest" name="PostApiTest" time="1.298"/>
</testsuite> <!-- com.qa.test.PostApiTest -->
